[2020-07-16T14:37:28.148] [DEBUG] cheese - login => username:zs,password:123456
[2020-07-16T14:37:28.149] [DEBUG] cheese - zs
[2020-07-16T14:37:28.156] [DEBUG] cheese - null
[2020-07-16T14:37:28.156] [DEBUG] cheese - null
[2020-07-16T14:37:54.520] [DEBUG] cheese - login => username:admi,password:123456
[2020-07-16T14:37:54.520] [DEBUG] cheese - admi
[2020-07-16T14:37:54.522] [DEBUG] cheese - null
[2020-07-16T14:37:54.523] [DEBUG] cheese - null
[2020-07-16T14:38:03.680] [DEBUG] cheese - login => username:admin,password:123456
[2020-07-16T14:38:03.680] [DEBUG] cheese - admin
[2020-07-16T14:38:03.687] [DEBUG] cheese - null
[2020-07-16T14:38:03.687] [DEBUG] cheese - null
[2020-07-16T14:40:54.995] [DEBUG] cheese - login => username:admin1,password:123456
[2020-07-16T14:40:54.996] [DEBUG] cheese - admin1
[2020-07-16T14:40:55.097] [DEBUG] cheese - null
[2020-07-16T14:40:55.098] [DEBUG] cheese - null
[2020-07-16T14:40:58.918] [DEBUG] cheese - login => username:admin,password:123456
[2020-07-16T14:40:58.918] [DEBUG] cheese - admin
[2020-07-16T14:40:58.923] [DEBUG] cheese - null
[2020-07-16T14:40:58.923] [DEBUG] cheese - null
[2020-07-16T17:33:43.240] [DEBUG] cheese - login => username:20182946,password:yjl
[2020-07-16T17:33:43.241] [DEBUG] cheese - 20182946
[2020-07-16T17:33:43.251] [DEBUG] cheese - null
[2020-07-16T17:33:43.251] [DEBUG] cheese - null
[2020-07-16T17:35:19.153] [DEBUG] cheese - login => username:qwqw,password:qw
[2020-07-16T17:35:19.154] [DEBUG] cheese - qwqw
[2020-07-16T17:35:19.157] [DEBUG] cheese - null
[2020-07-16T17:35:19.157] [DEBUG] cheese - null
[2020-07-16T17:36:14.120] [DEBUG] cheese - login => username:admin,password:123456
[2020-07-16T17:36:14.120] [DEBUG] cheese - admin
[2020-07-16T17:36:14.124] [DEBUG] cheese - null
[2020-07-16T17:36:14.124] [DEBUG] cheese - null
[2020-07-16T17:38:10.313] [DEBUG] cheese - login => username:admin,password:123456
[2020-07-16T17:38:10.313] [DEBUG] cheese - admin
[2020-07-16T17:38:10.316] [DEBUG] cheese - null
[2020-07-16T17:38:10.316] [DEBUG] cheese - null
[2020-07-16T17:38:19.131] [DEBUG] cheese - login => username:admin1,password:123456
[2020-07-16T17:38:19.131] [DEBUG] cheese - admin1
[2020-07-16T17:38:19.134] [DEBUG] cheese - null
[2020-07-16T17:38:19.135] [DEBUG] cheese - null
[2020-07-16T17:40:14.396] [DEBUG] cheese - login => username:admin,password:123456
[2020-07-16T17:40:14.397] [DEBUG] cheese - admin
[2020-07-16T17:40:14.399] [DEBUG] cheese - null
[2020-07-16T17:40:14.399] [DEBUG] cheese - null
[2020-07-16T17:40:26.209] [DEBUG] cheese - login => username:admin,password:123456
[2020-07-16T17:40:26.209] [DEBUG] cheese - admin
[2020-07-16T17:40:26.214] [DEBUG] cheese - null
[2020-07-16T17:40:26.214] [DEBUG] cheese - null
[2020-07-16T17:40:59.812] [DEBUG] cheese - login => username:admin,password:123456
[2020-07-16T17:40:59.812] [DEBUG] cheese - admin
[2020-07-16T17:40:59.816] [DEBUG] cheese - null
[2020-07-16T17:40:59.816] [DEBUG] cheese - null
[2020-07-16T17:41:04.606] [DEBUG] cheese - login => username:admin1,password:123456
[2020-07-16T17:41:04.606] [DEBUG] cheese - admin1
[2020-07-16T17:41:04.608] [DEBUG] cheese - null
[2020-07-16T17:41:04.608] [DEBUG] cheese - null
[2020-07-17T13:50:36.288] [DEBUG] cheese - login => username:admin,password:123456
[2020-07-17T13:50:36.289] [DEBUG] cheese - admin
[2020-07-17T13:50:36.381] [DEBUG] cheese - null
[2020-07-17T13:50:36.382] [DEBUG] cheese - null
[2020-07-17T14:13:15.463] [DEBUG] cheese - login => username:12312,password:123
[2020-07-17T14:13:15.465] [DEBUG] cheese - 12312
[2020-07-17T14:13:15.474] [DEBUG] cheese - null
[2020-07-17T14:13:15.474] [DEBUG] cheese - null
[2020-07-17T14:35:31.049] [DEBUG] cheese - login => username:12,password:2
[2020-07-17T14:35:31.050] [DEBUG] cheese - 12
[2020-07-17T14:35:31.058] [DEBUG] cheese - null
[2020-07-17T14:35:31.058] [DEBUG] cheese - null
[2020-07-17T14:35:40.380] [DEBUG] cheese - login => username:amin,password:123456
[2020-07-17T14:35:40.381] [DEBUG] cheese - amin
[2020-07-17T14:35:40.386] [DEBUG] cheese - null
[2020-07-17T14:35:40.386] [DEBUG] cheese - null
[2020-07-17T14:35:47.334] [DEBUG] cheese - login => username:admin,password:123456
[2020-07-17T14:35:47.334] [DEBUG] cheese - admin
[2020-07-17T14:35:47.338] [DEBUG] cheese - null
[2020-07-17T14:35:47.338] [DEBUG] cheese - null
[2020-07-17T14:46:53.371] [DEBUG] cheese - login => username:1,password:2
[2020-07-17T14:46:53.373] [DEBUG] cheese - 1
[2020-07-17T14:46:53.380] [DEBUG] cheese - null
[2020-07-17T14:46:53.381] [DEBUG] cheese - null
[2020-07-17T14:57:38.282] [DEBUG] cheese - login => username:12,password:2
[2020-07-17T14:57:38.283] [DEBUG] cheese - 12
[2020-07-17T14:57:38.299] [DEBUG] cheese - null
[2020-07-17T14:57:38.300] [DEBUG] cheese - null
[2020-07-17T14:58:04.209] [DEBUG] cheese - login => username:12,password:12
[2020-07-17T14:58:04.210] [DEBUG] cheese - 12
[2020-07-17T14:58:04.212] [DEBUG] cheese - null
[2020-07-17T14:58:04.212] [DEBUG] cheese - null
[2020-07-17T14:58:21.912] [DEBUG] cheese - login => username:12,password:12
[2020-07-17T14:58:21.912] [DEBUG] cheese - 12
[2020-07-17T14:58:21.914] [DEBUG] cheese - null
[2020-07-17T14:58:21.914] [DEBUG] cheese - null
[2020-07-17T14:58:38.157] [DEBUG] cheese - login => username:12,password:23
[2020-07-17T14:58:38.157] [DEBUG] cheese - 12
[2020-07-17T14:58:38.160] [DEBUG] cheese - null
[2020-07-17T14:58:38.160] [DEBUG] cheese - null
[2020-07-17T15:06:13.138] [DEBUG] cheese - login => username:admin,password:123456
[2020-07-17T15:06:13.138] [DEBUG] cheese - admin
[2020-07-17T15:06:13.143] [DEBUG] cheese - null
[2020-07-17T15:06:13.143] [DEBUG] cheese - null
[2020-07-17T15:06:20.954] [DEBUG] cheese - login => username:admin,password:123456
[2020-07-17T15:06:20.954] [DEBUG] cheese - admin
[2020-07-17T15:06:20.958] [DEBUG] cheese - null
[2020-07-17T15:06:20.958] [DEBUG] cheese - null
[2020-07-17T15:06:48.466] [DEBUG] cheese - login => username:admin,password:123456
[2020-07-17T15:06:48.466] [DEBUG] cheese - admin
[2020-07-17T15:06:48.470] [DEBUG] cheese - null
[2020-07-17T15:06:48.470] [DEBUG] cheese - null
[2020-07-17T15:07:50.007] [DEBUG] cheese - login => username:admin,password:123456
[2020-07-17T15:07:50.007] [DEBUG] cheese - admin
[2020-07-17T15:07:50.010] [DEBUG] cheese - null
[2020-07-17T15:07:50.010] [DEBUG] cheese - null
[2020-07-17T15:07:53.463] [DEBUG] cheese - login => username:admin1,password:123456
[2020-07-17T15:07:53.463] [DEBUG] cheese - admin1
[2020-07-17T15:07:53.465] [DEBUG] cheese - null
[2020-07-17T15:07:53.465] [DEBUG] cheese - null
[2020-07-17T15:08:06.375] [DEBUG] cheese - login => username:admin,password:123456
[2020-07-17T15:08:06.375] [DEBUG] cheese - admin
[2020-07-17T15:08:06.380] [DEBUG] cheese - null
[2020-07-17T15:08:06.380] [DEBUG] cheese - null
[2020-07-17T15:10:30.333] [DEBUG] cheese - login => username:admin,password:123456
[2020-07-17T15:10:30.333] [DEBUG] cheese - admin
[2020-07-17T15:10:30.337] [DEBUG] cheese - null
[2020-07-17T15:10:30.337] [DEBUG] cheese - null
[2020-07-17T15:10:45.147] [DEBUG] cheese - login => username:admin,password:123456
[2020-07-17T15:10:45.147] [DEBUG] cheese - admin
[2020-07-17T15:10:45.150] [DEBUG] cheese - null
[2020-07-17T15:10:45.150] [DEBUG] cheese - null
[2020-07-17T15:11:09.148] [DEBUG] cheese - login => username:admin,password:123456
[2020-07-17T15:11:09.148] [DEBUG] cheese - admin
[2020-07-17T15:11:09.151] [DEBUG] cheese - null
[2020-07-17T15:11:09.151] [DEBUG] cheese - null
[2020-07-17T15:11:32.362] [DEBUG] cheese - login => username:admin,password:123456
[2020-07-17T15:11:32.362] [DEBUG] cheese - admin
[2020-07-17T15:11:32.364] [DEBUG] cheese - null
[2020-07-17T15:11:32.364] [DEBUG] cheese - null
[2020-07-17T15:12:46.786] [DEBUG] cheese - login => username:admin,password:123456
[2020-07-17T15:12:46.786] [DEBUG] cheese - admin
[2020-07-17T15:12:46.789] [DEBUG] cheese - null
[2020-07-17T15:12:46.789] [DEBUG] cheese - null
[2020-07-17T15:13:31.736] [DEBUG] cheese - login => username:admin,password:123456
[2020-07-17T15:13:31.736] [DEBUG] cheese - admin
[2020-07-17T15:13:31.738] [DEBUG] cheese - null
[2020-07-17T15:13:31.738] [DEBUG] cheese - null
[2020-07-17T15:17:38.011] [DEBUG] cheese - login => username:admin,password:123456
[2020-07-17T15:17:38.011] [DEBUG] cheese - admin
[2020-07-17T15:17:38.015] [DEBUG] cheese - null
[2020-07-17T15:17:38.015] [DEBUG] cheese - null
[2020-07-17T15:29:16.032] [DEBUG] cheese - login => username:admin,password:123456
[2020-07-17T15:29:16.032] [DEBUG] cheese - admin
[2020-07-17T15:29:16.034] [DEBUG] cheese - null
[2020-07-17T15:29:16.034] [DEBUG] cheese - null
[2020-07-17T15:30:26.374] [DEBUG] cheese - login => username:admin,password:123456
[2020-07-17T15:30:26.374] [DEBUG] cheese - admin
[2020-07-17T15:30:26.377] [DEBUG] cheese - null
[2020-07-17T15:30:26.377] [DEBUG] cheese - null
[2020-07-17T15:33:44.759] [DEBUG] cheese - login => username:admin,password:123456
[2020-07-17T15:33:44.759] [DEBUG] cheese - admin
[2020-07-17T15:33:44.761] [DEBUG] cheese - null
[2020-07-17T15:33:44.761] [DEBUG] cheese - null
[2020-07-17T15:42:16.620] [DEBUG] cheese - login => username:admin,password:123456
[2020-07-17T15:42:16.620] [DEBUG] cheese - admin
[2020-07-17T15:42:16.622] [DEBUG] cheese - null
[2020-07-17T15:42:16.622] [DEBUG] cheese - null
[2020-07-17T15:49:01.136] [DEBUG] cheese - login => username:admin,password:123456
[2020-07-17T15:49:01.138] [DEBUG] cheese - admin
[2020-07-17T15:49:01.146] [DEBUG] cheese - null
[2020-07-17T15:49:01.146] [DEBUG] cheese - null
[2020-07-17T15:51:15.477] [DEBUG] cheese - login => username:admin,password:123456
[2020-07-17T15:51:15.477] [DEBUG] cheese - admin
[2020-07-17T15:51:15.479] [DEBUG] cheese - null
[2020-07-17T15:51:15.479] [DEBUG] cheese - null
